<?xml version="1.0" encoding="UTF-8"?>
<!-- Generated by org.testng.reporters.JUnitReportReporter -->
<testsuite hostname="LAPTOP-B2FPDU28" failures="0" tests="1" name="TestScholarship" time="2.082" errors="0" timestamp="2022-02-03T00:24:36 IST" skipped="0">
  <testcase classname="TestScholarship" name="scholarshipTestAvailable" time="2.082"/>
  <system-out/>
</testsuite> <!-- TestScholarship -->
