<?xml version="1.0" encoding="UTF-8"?>
<!-- Generated by org.testng.reporters.JUnitReportReporter -->
<testsuite hostname="LAPTOP-B2FPDU28" failures="0" tests="1" name="tb_coupons.TbPassCoupons" time="2.074" errors="0" timestamp="2022-02-27T13:08:28 IST" skipped="0">
  <testcase classname="tb_coupons.TbPassCoupons" name="checkPercentDiscountCoupon" time="2.074"/>
  <system-out/>
</testsuite> <!-- tb_coupons.TbPassCoupons -->
