<?xml version="1.0" encoding="UTF-8"?>
<!-- Generated by org.testng.reporters.JUnitReportReporter -->
<testsuite hostname="LAPTOP-B2FPDU28" failures="0" tests="5" name="scholarship_tests.TestScholarship" time="1.380" errors="0" timestamp="2022-04-04T17:55:03 IST" skipped="0">
  <testcase classname="scholarship_tests.TestScholarship" name="getScholarshipTests" time="0.234"/>
  <system-out/>
  <testcase classname="scholarship_tests.TestScholarship" name="scholarshipTestAvailable" time="0.010"/>
  <system-out/>
  <testcase classname="scholarship_tests.TestScholarship" name="scholarshipTestStatusCode" time="0.875"/>
  <system-out/>
  <testcase classname="scholarship_tests.TestScholarship" name="scholarshipTestSuccess" time="0.241"/>
  <system-out/>
  <testcase classname="scholarship_tests.TestScholarship" name="CheckSlugIsNotNull" time="0.020"/>
  <system-out/>
</testsuite> <!-- scholarship_tests.TestScholarship -->
