<?xml version="1.0" encoding="UTF-8"?>
<!-- Generated by org.testng.reporters.JUnitReportReporter -->
<testsuite hostname="LAPTOP-B2FPDU28" failures="0" tests="1" name="common.TestSomething" time="0.001" errors="0" timestamp="2022-03-06T17:56:59 IST" skipped="0">
  <testcase classname="common.TestSomething" name="test" time="0.001"/>
  <system-out/>
</testsuite> <!-- common.TestSomething -->
