<?xml version="1.0" encoding="UTF-8"?>
<!-- Generated by org.testng.reporters.JUnitReportReporter -->
<testsuite hostname="LAPTOP-B2FPDU28" failures="0" tests="6" name="tbpass_coupons.TbSelectCoupons" time="147.114" errors="0" timestamp="2022-03-08T18:17:15 IST" skipped="0">
  <testcase classname="tbpass_coupons.TbSelectCoupons" name="getProductId" time="6.764"/>
  <system-out/>
  <testcase classname="tbpass_coupons.TbSelectCoupons" name="checkPercentDiscountCoupon" time="19.191"/>
  <system-out/>
  <testcase classname="tbpass_coupons.TbSelectCoupons" name="checkCashDiscountCoupon" time="20.521"/>
  <system-out/>
  <testcase classname="tbpass_coupons.TbSelectCoupons" name="fullDiscountCoupon" time="18.683"/>
  <system-out>
    <![CDATA[Full discount is applicable]]>
  </system-out>
  <testcase classname="tbpass_coupons.TbSelectCoupons" name="checkGlobalOrDynamicCoupon" time="63.640"/>
  <system-out>
    <![CDATA[Discount for Global & Dynamic coupon is correctly applicable[8CU3L9IK6, SELECT]]]>
  </system-out>
  <testcase classname="tbpass_coupons.TbSelectCoupons" name="checkUseLimit" time="18.315"/>
  <system-out/>
</testsuite> <!-- tbpass_coupons.TbSelectCoupons -->
