<?xml version="1.0" encoding="UTF-8"?>
<!-- Generated by org.testng.reporters.JUnitReportReporter -->
<testsuite hostname="LAPTOP-B2FPDU28" failures="0" tests="7" name="coupons.TbPassCoupons" time="2.518" errors="0" timestamp="2022-04-04T17:55:03 IST" skipped="0">
  <testcase classname="coupons.TbPassCoupons" name="checkPercentDiscountOnMonthlyPass" time="0.252"/>
  <system-out>
    <![CDATA[Discount applied on Monthly pass]]>
  </system-out>
  <testcase classname="coupons.TbPassCoupons" name="checkPercentDiscountCoupon" time="0.269"/>
  <system-out>
    <![CDATA[% Discount coupon is working fine]]>
  </system-out>
  <testcase classname="coupons.TbPassCoupons" name="cashDiscountCoupon" time="0.299"/>
  <system-out>
    <![CDATA[Cash discount Coupon is working fine]]>
  </system-out>
  <testcase classname="coupons.TbPassCoupons" name="fullDiscountCoupon" time="0.290"/>
  <system-out>
    <![CDATA[100% discount is applicable on all TB passes]]>
  </system-out>
  <testcase classname="coupons.TbPassCoupons" name="checkMinValue" time="0.300"/>
  <system-out>
    <![CDATA[Min Value validated for all TB passes]]>
  </system-out>
  <testcase classname="coupons.TbPassCoupons" name="checkUseLimit" time="0.317"/>
  <system-out>
    <![CDATA[Use limit is applied]]>
  </system-out>
  <testcase classname="coupons.TbPassCoupons" name="checkGlobalCoupon" time="0.791"/>
  <system-out/>
</testsuite> <!-- coupons.TbPassCoupons -->
