<?xml version="1.0" encoding="UTF-8"?>
<!-- Generated by org.testng.reporters.JUnitReportReporter -->
<testsuite hostname="LAPTOP-B2FPDU28" failures="0" tests="7" name="tbpass_coupons.TbPassCoupons" time="2.292" errors="0" timestamp="2022-03-08T18:17:15 IST" skipped="0">
  <testcase classname="tbpass_coupons.TbPassCoupons" name="checkPercentDiscountOnMonthlyPass" time="0.213"/>
  <system-out>
    <![CDATA[Discount applied on Monthly pass]]>
  </system-out>
  <testcase classname="tbpass_coupons.TbPassCoupons" name="checkPercentDiscountCoupon" time="0.248"/>
  <system-out>
    <![CDATA[Discount coupon is working fine]]>
  </system-out>
  <testcase classname="tbpass_coupons.TbPassCoupons" name="cashDiscountCoupon" time="0.235"/>
  <system-out>
    <![CDATA[Cash discount Coupon is working fine]]>
  </system-out>
  <testcase classname="tbpass_coupons.TbPassCoupons" name="fullDiscountCoupon" time="0.232"/>
  <system-out>
    <![CDATA[100% discount is applicable]]>
  </system-out>
  <testcase classname="tbpass_coupons.TbPassCoupons" name="checkMinValue" time="0.248"/>
  <system-out>
    <![CDATA[Min Value validated]]>
  </system-out>
  <testcase classname="tbpass_coupons.TbPassCoupons" name="checkUseLimit" time="0.316"/>
  <system-out>
    <![CDATA[Use limit is applied]]>
  </system-out>
  <testcase classname="tbpass_coupons.TbPassCoupons" name="checkGlobalCoupon" time="0.800"/>
  <system-out/>
</testsuite> <!-- tbpass_coupons.TbPassCoupons -->
